<?xml version="1.0" encoding="UTF-8"?>
<!-- Generated by org.testng.reporters.JUnitReportReporter -->
<testsuite skipped="4" hostname="ONEs-MacBook-Pro.local" name="com.ONESuperApp.tests.ios.AthletesTabTest" tests="5" failures="0" timestamp="2021-08-25T20:37:22 IST" time="0.006" errors="1">
  <testcase name="appLuanch" time="0.006" classname="com.ONESuperApp.tests.ios.AthletesTabTest">
    <error type="java.lang.NullPointerException">
      <![CDATA[java.lang.NullPointerException
at java.io.File.<init>(File.java:360)
at com.ONESuperApp.base.AppiumBaseClass.iOScapabilities(AppiumBaseClass.java:68)
at com.ONESuperApp.tests.ios.AthletesTabTest.appLuanch(AthletesTabTest.java:23)
at sun.reflect.NativeMethodAccessorImpl.invoke0(Native Method)
at sun.reflect.NativeMethodAccessorImpl.invoke(NativeMethodAccessorImpl.java:62)
at sun.reflect.DelegatingMethodAccessorImpl.invoke(DelegatingMethodAccessorImpl.java:43)
at java.lang.reflect.Method.invoke(Method.java:498)
at org.testng.internal.MethodInvocationHelper.invokeMethod(MethodInvocationHelper.java:132)
at org.testng.internal.MethodInvocationHelper.invokeMethodConsideringTimeout(MethodInvocationHelper.java:61)
at org.testng.internal.ConfigInvoker.invokeConfigurationMethod(ConfigInvoker.java:366)
at org.testng.internal.ConfigInvoker.invokeConfigurations(ConfigInvoker.java:320)
at org.testng.internal.TestMethodWorker.invokeBeforeClassMethods(TestMethodWorker.java:176)
at org.testng.internal.TestMethodWorker.run(TestMethodWorker.java:122)
at java.util.ArrayList.forEach(ArrayList.java:1259)
at org.testng.TestRunner.privateRun(TestRunner.java:764)
at org.testng.TestRunner.run(TestRunner.java:585)
at org.testng.SuiteRunner.runTest(SuiteRunner.java:384)
at org.testng.SuiteRunner.runSequentially(SuiteRunner.java:378)
at org.testng.SuiteRunner.privateRun(SuiteRunner.java:337)
at org.testng.SuiteRunner.run(SuiteRunner.java:286)
at org.testng.SuiteRunnerWorker.runSuite(SuiteRunnerWorker.java:53)
at org.testng.SuiteRunnerWorker.run(SuiteRunnerWorker.java:96)
at org.testng.TestNG.runSuitesSequentially(TestNG.java:1218)
at org.testng.TestNG.runSuitesLocally(TestNG.java:1140)
at org.testng.TestNG.runSuites(TestNG.java:1069)
at org.testng.TestNG.run(TestNG.java:1037)
at org.testng.remote.AbstractRemoteTestNG.run(AbstractRemoteTestNG.java:115)
at org.testng.remote.RemoteTestNG.initAndRun(RemoteTestNG.java:251)
at org.testng.remote.RemoteTestNG.main(RemoteTestNG.java:77)
]]>
    </error>
  </testcase> <!-- appLuanch -->
  <system-out/>
  <testcase name="athletesTabclick" time="0.000" classname="com.ONESuperApp.tests.ios.AthletesTabTest">
    <skipped/>
  </testcase> <!-- athletesTabclick -->
  <system-out/>
  <testcase name="championsTabNavigationTest" time="0.000" classname="com.ONESuperApp.tests.ios.AthletesTabTest">
    <skipped/>
  </testcase> <!-- championsTabNavigationTest -->
  <system-out/>
  <testcase name="allAthletesTabNavigationTest" time="0.000" classname="com.ONESuperApp.tests.ios.AthletesTabTest">
    <skipped/>
  </testcase> <!-- allAthletesTabNavigationTest -->
  <system-out/>
  <testcase name="oneRankingsTabNavigationTest" time="0.000" classname="com.ONESuperApp.tests.ios.AthletesTabTest">
    <skipped/>
  </testcase> <!-- oneRankingsTabNavigationTest -->
  <system-out/>
</testsuite> <!-- com.ONESuperApp.tests.ios.AthletesTabTest -->
