<?xml version="1.0" encoding="UTF-8"?>
<!-- Generated by org.testng.reporters.JUnitReportReporter -->
<testsuite skipped="0" hostname="ONEs-MacBook-Pro.local" name="com.atlas.automation.tests.EventsPageTest" tests="10" failures="0" timestamp="2021-08-27T14:33:15 IST" time="113.457" errors="0">
  <testcase name="verifyEventFilterOptionsTest" time="1.591" classname="com.atlas.automation.tests.EventsPageTest"/>
  <system-out/>
  <testcase name="EventListingPageTest" time="0.158" classname="com.atlas.automation.tests.EventsPageTest"/>
  <system-out/>
  <testcase name="filterByShowType" time="3.997" classname="com.atlas.automation.tests.EventsPageTest"/>
  <system-out/>
  <testcase name="filterByEventVenue" time="4.086" classname="com.atlas.automation.tests.EventsPageTest"/>
  <system-out/>
  <testcase name="Yearfilter" time="43.471" classname="com.atlas.automation.tests.EventsPageTest"/>
  <system-out/>
  <testcase name="Monthfilter" time="20.364" classname="com.atlas.automation.tests.EventsPageTest"/>
  <system-out/>
  <testcase name="filterByEventByShowtypeandvenue" time="7.715" classname="com.atlas.automation.tests.EventsPageTest"/>
  <system-out/>
  <testcase name="eventSearchByNameTest" time="5.443" classname="com.atlas.automation.tests.EventsPageTest"/>
  <system-out/>
  <testcase name="eventSearchByNamewithfilterTest" time="5.493" classname="com.atlas.automation.tests.EventsPageTest"/>
  <system-out/>
  <testcase name="clearFilter" time="21.139" classname="com.atlas.automation.tests.EventsPageTest"/>
  <system-out/>
</testsuite> <!-- com.atlas.automation.tests.EventsPageTest -->
