<?xml version="1.0" encoding="UTF-8"?>
<!-- Generated by org.testng.reporters.JUnitReportReporter -->
<testsuite skipped="0" hostname="ONEs-MacBook-Pro.local" name="com.atlas.automation.tests.AthletesPageTest" tests="1" failures="0" timestamp="2021-08-19T22:20:41 IST" time="5.269" errors="0">
  <testcase name="athleteSearchByNameTest" time="5.269" classname="com.atlas.automation.tests.AthletesPageTest"/>
  <system-out/>
</testsuite> <!-- com.atlas.automation.tests.AthletesPageTest -->
